0 info it worked if it ends with ok
1 verbose cli [ '/usr/local/bin/node', '/usr/local/bin/npm', 'publish' ]
2 info using npm@4.1.2
3 info using node@v7.7.4
4 verbose publish [ '.' ]
5 silly cache add args [ '.', null ]
6 verbose cache add spec .
7 silly cache add parsed spec Result {
7 silly cache add   raw: '.',
7 silly cache add   scope: null,
7 silly cache add   escapedName: null,
7 silly cache add   name: null,
7 silly cache add   rawSpec: '.',
7 silly cache add   spec: '/Users/rudy/Projects/inferno-joyride',
7 silly cache add   type: 'directory' }
8 verbose addLocalDirectory /Users/rudy/.npm/inferno-joyride/1.11.1/package.tgz not in flight; packing
9 verbose correctMkdir /Users/rudy/.npm correctMkdir not in flight; initializing
10 info lifecycle inferno-joyride@1.11.1~prepublish: inferno-joyride@1.11.1
11 silly lifecycle inferno-joyride@1.11.1~prepublish: no script for prepublish, continuing
12 info lifecycle inferno-joyride@1.11.1~prepare: inferno-joyride@1.11.1
13 silly lifecycle inferno-joyride@1.11.1~prepare: no script for prepare, continuing
14 verbose tar pack [ '/Users/rudy/.npm/inferno-joyride/1.11.1/package.tgz',
14 verbose tar pack   '/Users/rudy/Projects/inferno-joyride' ]
15 verbose tarball /Users/rudy/.npm/inferno-joyride/1.11.1/package.tgz
16 verbose folder /Users/rudy/Projects/inferno-joyride
17 verbose addLocalTarball adding from inside cache /Users/rudy/.npm/inferno-joyride/1.11.1/package.tgz
18 verbose correctMkdir /Users/rudy/.npm correctMkdir not in flight; initializing
19 silly cache afterAdd inferno-joyride@1.11.1
20 verbose afterAdd /Users/rudy/.npm/inferno-joyride/1.11.1/package/package.json not in flight; writing
21 verbose correctMkdir /Users/rudy/.npm correctMkdir not in flight; initializing
22 verbose afterAdd /Users/rudy/.npm/inferno-joyride/1.11.1/package/package.json written
23 silly publish { name: 'inferno-joyride',
23 silly publish   version: '1.11.1',
23 silly publish   description: 'Create walkthroughs and guided tours for your apps',
23 silly publish   author: { name: 'Rudy Luthi', email: 'rluthi@caseworx.co' },
23 silly publish   repository:
23 silly publish    { type: 'git',
23 silly publish      url: 'git+https://github.com/caseworx/inferno-joyride.git' },
23 silly publish   bugs: { url: 'https://github.com/caseworx/inferno-joyride/issues' },
23 silly publish   homepage: 'https://gilbarbara.github.com/react-joyride/',
23 silly publish   main: 'lib/index.js',
23 silly publish   module: 'es/index.js',
23 silly publish   files: [ 'es', 'lib', 'src' ],
23 silly publish   keywords: [ 'inferno', 'tooltips', 'joyride', 'walkthroughs', 'tour' ],
23 silly publish   license: 'MIT',
23 silly publish   dependencies:
23 silly publish    { 'eslint-plugin-import': '^2.8.0',
23 silly publish      inferno: '^3.10.1',
23 silly publish      'inferno-component': '3.10.1',
23 silly publish      'nested-property': '^0.0.7',
23 silly publish      scroll: '^2.0.1' },
23 silly publish   devDependencies:
23 silly publish    { autoprefixer: '^7.1.6',
23 silly publish      'babel-core': '^6.26.0',
23 silly publish      'babel-eslint': '^8.0.2',
23 silly publish      'babel-jest': '^21.2.0',
23 silly publish      'babel-loader': '^7.1.2',
23 silly publish      'babel-plugin-add-module-exports': '0.2.1',
23 silly publish      'babel-plugin-inferno': '^3.3.0',
23 silly publish      'babel-plugin-transform-async-to-generator': '^6.22.0',
23 silly publish      'babel-plugin-transform-class-properties': '^6.23.0',
23 silly publish      'babel-plugin-transform-decorators-legacy': '^1.3.4',
23 silly publish      'babel-plugin-transform-es2015-arrow-functions': '^6.22.0',
23 silly publish      'babel-plugin-transform-es2015-block-scoped-functions': '^6.22.0',
23 silly publish      'babel-plugin-transform-es2015-block-scoping': '^6.23.0',
23 silly publish      'babel-plugin-transform-es2015-classes': '^6.23.0',
23 silly publish      'babel-plugin-transform-es2015-computed-properties': '^6.22.0',
23 silly publish      'babel-plugin-transform-es2015-destructuring': '^6.23.0',
23 silly publish      'babel-plugin-transform-es2015-literals': '^6.22.0',
23 silly publish      'babel-plugin-transform-es2015-modules-commonjs': '^6.24.0',
23 silly publish      'babel-plugin-transform-es2015-parameters': '^6.23.0',
23 silly publish      'babel-plugin-transform-es2015-shorthand-properties': '^6.22.0',
23 silly publish      'babel-plugin-transform-es2015-spread': '^6.22.0',
23 silly publish      'babel-plugin-transform-es2015-template-literals': '^6.22.0',
23 silly publish      'babel-plugin-transform-object-rest-spread': '^6.23.0',
23 silly publish      'babel-polyfill': '^6.26.0',
23 silly publish      'babel-preset-env': '^1.6.1',
23 silly publish      'babel-preset-es2015': '^6.24.0',
23 silly publish      'babel-register': '^6.24.0',
23 silly publish      bootstrap: '^4.0.0-beta.2',
23 silly publish      'browser-sync': '^2.18.13',
23 silly publish      'browser-sync-webpack-plugin': '^1.2.0',
23 silly publish      chalk: '^2.3.0',
23 silly publish      'clean-webpack-plugin': '^0.1.17',
23 silly publish      'copy-webpack-plugin': '^4.2.0',
23 silly publish      'cross-env': '^5.1.1',
23 silly publish      'css-loader': '^0.28.7',
23 silly publish      'date-fns': '^1.29.0',
23 silly publish      enzyme: '^3.1.1',
23 silly publish      'enzyme-adapter-react-16': '^1.0.4',
23 silly publish      eslint: '^4.11.0',
23 silly publish      'eslint-loader': '^1.9.0',
23 silly publish      'eslint-plugin-babel': '^4.1.2',
23 silly publish      'eslint-plugin-flowtype': '^2.39.1',
23 silly publish      'eslint-plugin-inferno': '^7.4.0',
23 silly publish      'eslint-plugin-jsx-a11y': '^6.0.2',
23 silly publish      'extract-text-webpack-plugin': '^3.0.2',
23 silly publish      'file-loader': '^1.1.5',
23 silly publish      'flow-bin': '^0.59.0',
23 silly publish      'html-webpack-plugin': '^2.30.1',
23 silly publish      husky: '^0.14.3',
23 silly publish      'image-webpack-loader': '^3.4.2',
23 silly publish      'jest-cli': '^21.2.1',
23 silly publish      jsdom: '^11.3.0',
23 silly publish      nightwatch: '^0.9.16',
23 silly publish      'node-sass': '4.6.1',
23 silly publish      'postcss-cli': '^4.1.1',
23 silly publish      'postcss-loader': '^2.0.8',
23 silly publish      'prop-types': '^15.6.0',
23 silly publish      'react-addons-test-utils': '^15.6.2',
23 silly publish      rimraf: '^2.6.2',
23 silly publish      'sass-loader': '^6.0.6',
23 silly publish      'source-map-support': '^0.5.0',
23 silly publish      'style-loader': '^0.19.0',
23 silly publish      stylelint: '^8.2.0',
23 silly publish      'stylelint-config-standard': '^17.0.0',
23 silly publish      'stylelint-declaration-strict-value': '^1.0.4',
23 silly publish      'stylelint-order': '^0.7.0',
23 silly publish      'stylelint-scss': '^2.1.0',
23 silly publish      webpack: '^3.8.1',
23 silly publish      'webpack-dev-server': '^2.9.4',
23 silly publish      'webpack-merge': '^4.1.1' },
23 silly publish   scripts:
23 silly publish    { build: 'npm run clean && npm run build:commonjs && npm run build:es && npm run build:css && cp src/styles/inferno-joyride.scss lib/',
23 silly publish      'build:commonjs': 'cross-env BABEL_ENV=commonjs babel src/scripts -d lib',
23 silly publish      'build:es': 'cross-env NODE_ENV=production babel src/scripts -d es',
23 silly publish      'build:css': 'node-sass src/styles/inferno-joyride.scss -o lib/ && postcss lib/inferno-joyride.css --use autoprefixer -d lib/ && mv lib/inferno-joyride.css lib/inferno-joyride-compiled.css',
23 silly publish      watch: 'npm run build:commonjs -- -w',
23 silly publish      clean: 'rimraf es && rimraf lib',
23 silly publish      start: 'node demo/config/webpack.server.js',
23 silly publish      'build:demo': 'NODE_ENV=production webpack --config demo/config/webpack.build.js',
23 silly publish      lint: 'eslint --ext .js --ext .jsx src test demo',
23 silly publish      'lint:styles': 'stylelint \'src/**/*.scss\' \'demo/src/**/*.scss\'',
23 silly publish      test: 'jest --config config/jest.config.js --coverage',
23 silly publish      'test:watch': 'jest --config config/jest.config.js --watch',
23 silly publish      'test:ui': 'npm start -- test:ui',
23 silly publish      precommit: 'node config/tools commits && npm run lint && npm run lint:styles && npm test',
23 silly publish      postmerge: 'node config/tools update && npm update',
23 silly publish      prepublishOnly: 'npm run build' },
23 silly publish   readme: 'React Joyride\n===\n\n[![NPM version](https://badge.fury.io/js/react-joyride.svg)](https://www.npmjs.com/package/react-joyride) \n[![build status](https://travis-ci.org/gilbarbara/react-joyride.svg)](https://travis-ci.org/gilbarbara/react-joyride) \n[![Maintainability](https://api.codeclimate.com/v1/badges/43ecb5536910133429bd/maintainability)](https://codeclimate.com/github/gilbarbara/react-joyride/maintainability)\n[![Test Coverage](https://api.codeclimate.com/v1/badges/43ecb5536910133429bd/test_coverage)](https://codeclimate.com/github/gilbarbara/react-joyride/test_coverage)\n[![Join the chat at https://gitter.im/gilbarbara/react-joyride](https://badges.gitter.im/Join%20Chat.svg)](https://gitter.im/gilbarbara/react-joyride?utm_source=badge&utm_medium=badge&utm_campaign=pr-badge&utm_content=badge)\n\n[![Joyride example image](http://gilbarbara.github.io/react-joyride/media/example.png)](http://gilbarbara.github.io/react-joyride/)\n\nView the demo [here](http://gilbarbara.github.io/react-joyride/) [[source](https://github.com/gilbarbara/react-joyride/tree/demo)]\n\n[![Support via Gratipay](https://cdn.rawgit.com/gratipay/gratipay-badge/2.3.0/dist/gratipay.svg)](https://gratipay.com/React-Joyride/)\n\n## Setup\n\n```javascript\nnpm install --save react-joyride\n```\n\n### Styles\n\nIf you are using **SCSS**:\n\n```scss\n@import \'~react-joyride/lib/react-joyride\'\n\n```\n\nOr include this directly in your html:\n\n```html\n<link rel="stylesheet" href="/path/to/react-joyride/lib/react-joyride-compiled.css" type="text/css">\n```\n\n\n## Getting Started\n\nInclude `Joyride` in the parent component.\n\n\n```javascript\nimport Joyride from \'react-joyride\';\n\nexport class App extends React.Component {\n  render: function () {\n    return (\n      <div className="app">\n      <Joyride\n        ref="joyride"\n        steps={[arrayOfSteps]}\n        run={true} // or some other boolean for when you want to start it\n        debug={true}\n        callback={this.callback}\n        ...\n        />\n        <YourComponents .../>\n      </div>\n    );\n  }\n}\n```\nDon\'t forget to pass a `ref` to the component.\n\n\n**Please refer to the source code of the demo if you need a practical [example](https://github.com/gilbarbara/react-joyride/blob/demo/app/scripts/containers/App.jsx).**\n\n## Props\n\nYou can change the initial options passing props to the component.\n\n**steps** {array}: The tour\'s steps. Defaults to `[]`\n\n**stepIndex** {number}: The initial step index. Defaults to `0`\n\n**run** {bool}: Run/stop the tour. Defaults to `false`\n\n**autoStart** {bool}: Open the tooltip automatically for the first step, without showing a beacon. Defaults to `false`\n\n**keyboardNavigation** {bool}: Toggle keyboard navigation (esc, space bar, return). Defaults to `true`\n\n**locale** {object}: The strings used in the tooltip. Defaults to `{ back: \'Back\', close: \'Close\', last: \'Last\', next: \'Next\', skip: \'Skip\' }`\n\n**resizeDebounce** {bool}: Delay the reposition of the current step while the window is being resized. Defaults to `false`\n\n**resizeDebounceDelay** {number}: The amount of delay for the `resizeDebounce` callback. Defaults to `200`\n\n**holePadding** {number}: The gap around the target inside the hole. Defaults to `5`\n\n**scrollOffset** {number}: The scrollTop offset used in `scrollToSteps`. Defaults to `20`\n\n**scrollToSteps** {bool}: Scroll the page to the next step if needed. Defaults to `true`\n\n**scrollToFirstStep** {bool}: Scroll the page for the first step. Defaults to `false`\n\n**showBackButton** {bool}: Display a back button. Defaults to `true`\n\n**showOverlay** {bool}: Display an overlay with holes above your steps (for tours only). Defaults to `true`\n\n**allowClicksThruHole** {bool}: Allow mouse and touch events within overlay hole, and prevent `hole:click` callback from being sent.  Defaults to `false`\n\n**showSkipButton** {bool}: Display a link to skip the tour. Defaults to `false`\n\n**showStepsProgress** {bool}: Display the tour progress in the next button *e.g. 2/5* in `continuous` tours. Defaults to `false`\n\n**tooltipOffset** {number}: The tooltip offset from the target. Defaults to `30`\n\n**type** {string}: The type of your presentation. It can be `continuous` (played sequentially with the Next button) or `single`. Defaults to `single`\n\n**disableOverlay** {bool}: Don\'t close the tooltip on clicking the overlay. Defaults to `false`\n\n**debug** {bool}: Console.log Joyride\'s inner actions. Defaults to `false`\n\n**callback** {function}: It will be called when the tour\'s state changes and returns a single parameter:\n\n* entering a step `{ type: \'step:before\', index: 0, step: {...} }`\n* rendering the beacon `{ type: \'beacon:before\', step: {...} }`\n* triggering the beacon `{ type: \'beacon:trigger\', step: {...} }`\n* rendering the tooltip `{ type: \'tooltip:before\', step: {...} }`\n* closing a step `{ type: \'step:after\', step: {...} }`\n* clicking on the overlay (if not disabled) `{ type: \'overlay:click\', step: {...} }`\n* clicking on the hole `{ type: \'hole:click\', step: {...} }`\n* the target could not be found `{ type: \'error:target_not_found\', step: {...} }`\n* the tour ends. `{ type: \'finished\', steps: [{...}], isTourSkipped: boolean }`\n\nThe callback object also receives an `action` string (\'start\'|\'next\'|\'back\') and the step `index`.\n\nDefaults to `undefined`\n\n## API\n\n### this.joyride.reset(restart)\n\nCall this method to reset the tour iteration back to 0\n\n- `restart` {boolean} - Starts the tour again\n\n### this.joyride.next()\n\nCall this method to programmatically advance to the next step.\n\n### this.joyride.back()\n\nCall this method to programmatically return to the previous step.\n\n### this.joyride.addTooltip(data)\n\nAdd tooltips in your elements.\n\n- `data` {object} - A step object (check the syntax below)\n\n### this.joyride.getProgress()\nRetrieve the current progress of your tour. The object returned looks like this:\n\n```javascript\n{\n  index: 2,\n  percentageComplete: 50,\n  step: {\n    title: "...",\n    text: "...",\n    selector: "...",\n    position: "...",\n    ...\n  }\n}}\n```\n\n### Please don\'t use the `start` and `stop` methods anymore. Instead use a combination of the props `run` and `autoStart`.\n\n## Step Syntax\nThere are some usable options but you can pass custom parameters.\n\n- `title`: The tooltip\'s title.\n- `text`: The tooltip\'s content. It can be plain text, html or a React component.\n- `selector`: The target DOM selector of your feature **(required)**\n- `position`: Relative position of you beacon and tooltip. It can be one of these:`top`, `top-left`, `top-right`, `bottom`, `bottom-left`, `bottom-right`, `right` and `left`. This defaults to `top`.\n- `type`: The event type that trigger the tooltip: `click` or `hover`. Defaults to `click`\n- `isFixed`: If `true`, the tooltip will remain in a fixed position within the viewport. Defaults to `false`.\n- `allowClicksThruHole`: Set to `true` to allow pointer-events (hover, clicks, etc) or touch events within overlay hole. If `true`, the `hole:click` callback will not be sent. Defaults to `false`. Takes precedence over a `allowClicksThruHole` prop provided to `<Joyride />`\n- `style`: An object with stylesheet options.\n\n\n**Extra option for standalone tooltips**\n\n- `trigger`: The DOM element that will trigger the tooltip\n\nYou can style the tooltip UI for each step with these options: `backgroundColor`, `borderRadius`, `color`, `mainColor`, `textAlign` and `width`. \n\nYou can also style `header`, `main`, `footer`, `button`, `skip`, `back`, `close` and `hole` independently using standard style options. Plus `beacon` offset, inner and outer colors and `arrow` visibility.\n\n\nExample:\n\n```javascript\n{\n  title: \'First Step\',\n  text: \'Start using the <strong>joyride</strong>\',\n  selector: \'.first-step\',\n  position: \'bottom-left\',\n  type: \'hover\',\n  isFixed: true,\n  // optional styling\n  style: {\n    backgroundColor: \'rgba(0, 0, 0, 0.8)\',\n    borderRadius: \'0\',\n    color: \'#fff\',\n    mainColor: \'#ff4456\',\n    textAlign: \'center\',\n    width: \'29rem\',\n    arrow: {\n      display: \'none\'\n    },\n    beacon: {\n      offsetX: 10,\n      offsetY: 10,\n      inner: \'#000\',\n      outer: \'#000\'\n    },\n    header: {\n      textAlign: \'right\'\n      // or any style attribute\n    },\n    main: {\n      padding: \'20px\'\n    },\n    footer: {\n      display: \'none\'\n    },\n    skip: {\n      color: \'#f04\'\n    },\n    hole: {\n      backgroundColor: \'rgba(201, 23, 33, 0.2)\',\n    }\n    ...\n  },\n  // custom params...\n  name: \'my-first-step\',\n  parent: \'MyComponentName\'\n}\n```\n\n## SCSS Options\n\n#### Basic\n\n- `$joyride-color`: The base color. Defaults to `#f04`\n- `$joyride-zindex`: Defaults to `1500`\n- `$joyride-overlay-color`: Defaults to `rgba(#000, 0.5)`\n- `$joyride-beacon-color`: Defaults to `$joyride-color`\n- `$joyride-beacon-size`: Defaults to `36px`\n- `$joyride-hole-border-radius`: Defaults to `4px`\n- `$joyride-hole-shadow`: Defaults to `0 0 15px rgba(#000, 0.5)`\n\n#### Tooltip\n\n- `$joyride-tooltip-arrow-size`: You must use even numbers to avoid half-pixel inconsistencies. Defaults to `28px`\n- `$joyride-tooltip-bg-color`: Defaults to `#fff`\n- `$joyride-tooltip-border-radius`: Defaults to `4px`\n- `$joyride-tooltip-color`: The header and text color. Defaults to `#555`\n- `$joyride-tooltip-font-size`: Defaults to `16px`\n- `$joyride-tooltip-padding`: Defaults to `20px`\n- `$joyride-tooltip-shadow`: Sass list for drop-shadow. Defaults to `(x: 1px, y: 2px, blur: 3px, color: rgba(#000, 0.3))`\n- `$joyride-tooltip-width`: Sass list of Mobile / Tablet / Desktop sizes. Defaults to `(290px, 360px, 450px)`\n- `$joyride-header-color`: Defaults to `$joyride-tooltip-header-color`\n- `$joyride-header-font-size`: Defaults to `20px`\n- `$joyride-header-border-color`: Defaults to `$joyride-color`\n- `$joyride-header-border-width`: Defaults to `1px`\n- `$joyride-button-bg-color`: Defaults to `$joyride-color`\n- `$joyride-button-color`: Defaults to `#fff`\n- `$joyride-button-border-radius`: Defaults to `4px`\n- `$joyride-back-button-color`: Defaults to `$joyride-color`\n- `$joyride-skip-button-color`: Defaults to `#ccc`\n- `$joyride-close`: Sass list for the close button: Defaults to `(color: rgba($joyride-tooltip-color, 0.5), size: 12px, top: 10px, right: 10px)`\n- `$joyride-close-visible`: Default to `true`;\n\n\n---\n\nInspired by [react-tour-guide](https://github.com/jakemmarsh/react-tour-guide) and [jquery joyride tour](http://zurb.com/playground/jquery-joyride-feature-tour-plugin)\n',
23 silly publish   readmeFilename: 'README.md',
23 silly publish   gitHead: '2f668890368adb132778e385e2469cd9b1ab32d9',
23 silly publish   _id: 'inferno-joyride@1.11.1',
23 silly publish   _shasum: 'aad37222c264578f48e7070cd5e7311d0f64c91f',
23 silly publish   _from: '.' }
24 info lifecycle inferno-joyride@1.11.1~prepublishOnly: inferno-joyride@1.11.1
25 verbose lifecycle inferno-joyride@1.11.1~prepublishOnly: unsafe-perm in lifecycle true
26 verbose lifecycle inferno-joyride@1.11.1~prepublishOnly: PATH: /usr/local/lib/node_modules/npm/bin/node-gyp-bin:/Users/rudy/Projects/inferno-joyride/node_modules/.bin:/Users/rudy/node_modules/.bin:/Library/Frameworks/Python.framework/Versions/2.7/bin:/Applications/Postgres.app/Contents/Versions/9.4/bin/:/usr/local/git/bin:/sw/bin/:/usr/local/bin:/usr/local/:/usr/local/sbin:/usr/local/mysql/bin:/usr/local/opt/python/libexec/bin:/usr/local/bin:/usr/local/sbin:/usr/bin:/bin:/usr/sbin:/sbin:/usr/local/MacGPG2/bin:/usr/local/bin/:/Users/rudy/go/bin
27 verbose lifecycle inferno-joyride@1.11.1~prepublishOnly: CWD: .
28 silly lifecycle inferno-joyride@1.11.1~prepublishOnly: Args: [ '-c', 'npm run build' ]
29 silly lifecycle inferno-joyride@1.11.1~prepublishOnly: Returned: code: 0  signal: null
30 verbose getPublishConfig undefined
31 silly mapToRegistry name inferno-joyride
32 silly mapToRegistry using default registry
33 silly mapToRegistry registry https://registry.npmjs.org/
34 silly mapToRegistry data Result {
34 silly mapToRegistry   raw: 'inferno-joyride',
34 silly mapToRegistry   scope: null,
34 silly mapToRegistry   escapedName: 'inferno-joyride',
34 silly mapToRegistry   name: 'inferno-joyride',
34 silly mapToRegistry   rawSpec: '',
34 silly mapToRegistry   spec: 'latest',
34 silly mapToRegistry   type: 'tag' }
35 silly mapToRegistry uri https://registry.npmjs.org/inferno-joyride
36 verbose publish registryBase https://registry.npmjs.org/
37 silly publish uploading /Users/rudy/.npm/inferno-joyride/1.11.1/package.tgz
38 verbose request uri https://registry.npmjs.org/inferno-joyride
39 verbose request sending authorization for write operation
40 info attempt registry request try #1 at 10:28:23 PM
41 verbose request using bearer token for auth
42 verbose request id 4b657ced8b488065
43 http request PUT https://registry.npmjs.org/inferno-joyride
44 http 403 https://registry.npmjs.org/inferno-joyride
45 verbose headers { 'content-type': 'application/json',
45 verbose headers   'cache-control': 'max-age=300',
45 verbose headers   'content-length': '92',
45 verbose headers   'accept-ranges': 'bytes',
45 verbose headers   date: 'Mon, 20 Nov 2017 06:28:23 GMT',
45 verbose headers   via: '1.1 varnish',
45 verbose headers   connection: 'keep-alive',
45 verbose headers   'x-served-by': 'cache-lax8627-LAX',
45 verbose headers   'x-cache': 'MISS',
45 verbose headers   'x-cache-hits': '0',
45 verbose headers   'x-timer': 'S1511159303.283924,VS0,VE354',
45 verbose headers   vary: 'Accept-Encoding, Accept' }
46 verbose request invalidating /Users/rudy/.npm/registry.npmjs.org/inferno-joyride on PUT
47 error publish Failed PUT 403
48 verbose stack Error: You cannot publish over the previously published version 1.11.1. : inferno-joyride
48 verbose stack     at makeError (/usr/local/lib/node_modules/npm/node_modules/npm-registry-client/lib/request.js:304:12)
48 verbose stack     at CachingRegistryClient.<anonymous> (/usr/local/lib/node_modules/npm/node_modules/npm-registry-client/lib/request.js:292:14)
48 verbose stack     at Request._callback (/usr/local/lib/node_modules/npm/node_modules/npm-registry-client/lib/request.js:212:14)
48 verbose stack     at Request.self.callback (/usr/local/lib/node_modules/npm/node_modules/request/request.js:186:22)
48 verbose stack     at emitTwo (events.js:106:13)
48 verbose stack     at Request.emit (events.js:194:7)
48 verbose stack     at Request.<anonymous> (/usr/local/lib/node_modules/npm/node_modules/request/request.js:1081:10)
48 verbose stack     at emitOne (events.js:96:13)
48 verbose stack     at Request.emit (events.js:191:7)
48 verbose stack     at IncomingMessage.<anonymous> (/usr/local/lib/node_modules/npm/node_modules/request/request.js:1001:12)
49 verbose statusCode 403
50 verbose pkgid inferno-joyride
51 verbose cwd /Users/rudy/Projects/inferno-joyride
52 error Darwin 17.2.0
53 error argv "/usr/local/bin/node" "/usr/local/bin/npm" "publish"
54 error node v7.7.4
55 error npm  v4.1.2
56 error code E403
57 error You cannot publish over the previously published version 1.11.1. : inferno-joyride
58 error If you need help, you may report this error at:
58 error     <https://github.com/npm/npm/issues>
59 verbose exit [ 1, true ]
